[2025-01-15 23:02:10,292] INFO [Controller id=0] Processing automatic preferred replica leader election (kafka.controller.KafkaController)
[2025-01-15 23:02:10,364] TRACE [Controller id=0] Checking need to trigger auto leader balancing (kafka.controller.KafkaController)
[2025-01-15 23:02:52,847] INFO [Controller id=0] New topics: [Set(raw_data_topic)], deleted topics: [HashSet()], new partition replica assignment [Set(TopicIdReplicaAssignment(raw_data_topic,Some(30x5qmPrQMuS7YSc-oSdGA),Map(raw_data_topic-0 -> ReplicaAssignment(replicas=0, addingReplicas=, removingReplicas=))))] (kafka.controller.KafkaController)
[2025-01-15 23:02:52,851] INFO [Controller id=0] New partition creation callback for raw_data_topic-0 (kafka.controller.KafkaController)
[2025-01-15 23:02:53,022] INFO [RequestSendThread controllerId=0] Controller 0 connected to localhost:9092 (id: 0 rack: null) for sending state change requests (kafka.controller.RequestSendThread)
[2025-01-15 23:07:10,373] INFO [Controller id=0] Processing automatic preferred replica leader election (kafka.controller.KafkaController)
[2025-01-15 23:07:10,383] TRACE [Controller id=0] Checking need to trigger auto leader balancing (kafka.controller.KafkaController)
[2025-01-15 23:07:10,415] DEBUG [Controller id=0] Topics not in preferred replica for broker 0 Map() (kafka.controller.KafkaController)
[2025-01-15 23:07:10,429] TRACE [Controller id=0] Leader imbalance ratio for broker 0 is 0.0 (kafka.controller.KafkaController)
[2025-01-15 23:12:10,436] INFO [Controller id=0] Processing automatic preferred replica leader election (kafka.controller.KafkaController)
[2025-01-15 23:12:10,439] TRACE [Controller id=0] Checking need to trigger auto leader balancing (kafka.controller.KafkaController)
[2025-01-15 23:12:10,442] DEBUG [Controller id=0] Topics not in preferred replica for broker 0 Map() (kafka.controller.KafkaController)
[2025-01-15 23:12:10,443] TRACE [Controller id=0] Leader imbalance ratio for broker 0 is 0.0 (kafka.controller.KafkaController)
[2025-01-15 23:17:10,472] INFO [Controller id=0] Processing automatic preferred replica leader election (kafka.controller.KafkaController)
[2025-01-15 23:17:10,476] TRACE [Controller id=0] Checking need to trigger auto leader balancing (kafka.controller.KafkaController)
[2025-01-15 23:17:10,482] DEBUG [Controller id=0] Topics not in preferred replica for broker 0 Map() (kafka.controller.KafkaController)
[2025-01-15 23:17:10,483] TRACE [Controller id=0] Leader imbalance ratio for broker 0 is 0.0 (kafka.controller.KafkaController)
[2025-01-15 23:22:10,485] INFO [Controller id=0] Processing automatic preferred replica leader election (kafka.controller.KafkaController)
[2025-01-15 23:22:10,486] TRACE [Controller id=0] Checking need to trigger auto leader balancing (kafka.controller.KafkaController)
[2025-01-15 23:22:10,487] DEBUG [Controller id=0] Topics not in preferred replica for broker 0 Map() (kafka.controller.KafkaController)
[2025-01-15 23:22:10,488] TRACE [Controller id=0] Leader imbalance ratio for broker 0 is 0.0 (kafka.controller.KafkaController)
[2025-01-15 23:27:10,494] INFO [Controller id=0] Processing automatic preferred replica leader election (kafka.controller.KafkaController)
[2025-01-15 23:27:10,502] TRACE [Controller id=0] Checking need to trigger auto leader balancing (kafka.controller.KafkaController)
[2025-01-15 23:27:10,517] DEBUG [Controller id=0] Topics not in preferred replica for broker 0 Map() (kafka.controller.KafkaController)
[2025-01-15 23:27:10,521] TRACE [Controller id=0] Leader imbalance ratio for broker 0 is 0.0 (kafka.controller.KafkaController)
[2025-01-15 23:32:10,533] INFO [Controller id=0] Processing automatic preferred replica leader election (kafka.controller.KafkaController)
[2025-01-15 23:32:10,542] TRACE [Controller id=0] Checking need to trigger auto leader balancing (kafka.controller.KafkaController)
[2025-01-15 23:32:10,553] DEBUG [Controller id=0] Topics not in preferred replica for broker 0 Map() (kafka.controller.KafkaController)
[2025-01-15 23:32:10,558] TRACE [Controller id=0] Leader imbalance ratio for broker 0 is 0.0 (kafka.controller.KafkaController)
[2025-01-15 23:37:10,563] INFO [Controller id=0] Processing automatic preferred replica leader election (kafka.controller.KafkaController)
[2025-01-15 23:37:10,567] TRACE [Controller id=0] Checking need to trigger auto leader balancing (kafka.controller.KafkaController)
[2025-01-15 23:37:10,572] DEBUG [Controller id=0] Topics not in preferred replica for broker 0 Map() (kafka.controller.KafkaController)
[2025-01-15 23:37:10,574] TRACE [Controller id=0] Leader imbalance ratio for broker 0 is 0.0 (kafka.controller.KafkaController)
[2025-01-15 23:42:10,576] INFO [Controller id=0] Processing automatic preferred replica leader election (kafka.controller.KafkaController)
[2025-01-15 23:42:10,578] TRACE [Controller id=0] Checking need to trigger auto leader balancing (kafka.controller.KafkaController)
[2025-01-15 23:42:10,582] DEBUG [Controller id=0] Topics not in preferred replica for broker 0 Map() (kafka.controller.KafkaController)
[2025-01-15 23:42:10,583] TRACE [Controller id=0] Leader imbalance ratio for broker 0 is 0.0 (kafka.controller.KafkaController)
[2025-01-15 23:47:10,589] INFO [Controller id=0] Processing automatic preferred replica leader election (kafka.controller.KafkaController)
[2025-01-15 23:47:10,595] TRACE [Controller id=0] Checking need to trigger auto leader balancing (kafka.controller.KafkaController)
[2025-01-15 23:47:10,599] DEBUG [Controller id=0] Topics not in preferred replica for broker 0 Map() (kafka.controller.KafkaController)
[2025-01-15 23:47:10,600] TRACE [Controller id=0] Leader imbalance ratio for broker 0 is 0.0 (kafka.controller.KafkaController)
[2025-01-15 23:48:56,442] INFO [Controller id=0] Shutting down broker 0 (kafka.controller.KafkaController)
[2025-01-15 23:48:56,447] DEBUG [Controller id=0] All shutting down brokers: 0 (kafka.controller.KafkaController)
[2025-01-15 23:48:56,452] DEBUG [Controller id=0] Live brokers:  (kafka.controller.KafkaController)
[2025-01-15 23:48:56,487] TRACE [Controller id=0] All leaders = raw_data_topic-0 -> (Leader:0,ISR:0,LeaderRecoveryState:RECOVERED,LeaderEpoch:0,ZkVersion:0,ControllerEpoch:2) (kafka.controller.KafkaController)
[2025-01-15 23:48:57,633] INFO [ControllerEventThread controllerId=0] Shutting down (kafka.controller.ControllerEventManager$ControllerEventThread)
[2025-01-15 23:48:57,635] INFO [ControllerEventThread controllerId=0] Shutdown completed (kafka.controller.ControllerEventManager$ControllerEventThread)
[2025-01-15 23:48:57,634] INFO [ControllerEventThread controllerId=0] Stopped (kafka.controller.ControllerEventManager$ControllerEventThread)
[2025-01-15 23:48:57,636] DEBUG [Controller id=0] Resigning (kafka.controller.KafkaController)
[2025-01-15 23:48:57,640] DEBUG [Controller id=0] Unregister BrokerModifications handler for Set(0) (kafka.controller.KafkaController)
[2025-01-15 23:48:57,653] INFO [PartitionStateMachine controllerId=0] Stopped partition state machine (kafka.controller.ZkPartitionStateMachine)
[2025-01-15 23:48:57,659] INFO [ReplicaStateMachine controllerId=0] Stopped replica state machine (kafka.controller.ZkReplicaStateMachine)
[2025-01-15 23:48:57,665] INFO [RequestSendThread controllerId=0] Shutting down (kafka.controller.RequestSendThread)
[2025-01-15 23:48:57,668] INFO [RequestSendThread controllerId=0] Shutdown completed (kafka.controller.RequestSendThread)
[2025-01-15 23:48:57,668] INFO [RequestSendThread controllerId=0] Stopped (kafka.controller.RequestSendThread)
[2025-01-15 23:48:57,680] INFO [Controller id=0] Resigned (kafka.controller.KafkaController)
