[2025-01-15 23:02:52,528] INFO Creating topic raw_data_topic with configuration {} and initial partition assignment HashMap(0 -> ArrayBuffer(0)) (kafka.zk.AdminZkClient)
[2025-01-15 23:02:53,008] INFO [Controller id=0, targetBrokerId=0] Node 0 disconnected. (org.apache.kafka.clients.NetworkClient)
[2025-01-15 23:02:53,223] INFO [ReplicaFetcherManager on broker 0] Removed fetcher for partitions Set(raw_data_topic-0) (kafka.server.ReplicaFetcherManager)
[2025-01-15 23:02:53,504] INFO [LogLoader partition=raw_data_topic-0, dir=/tmp/kafka-logs] Loading producer state till offset 0 with message format version 2 (kafka.log.UnifiedLog$)
[2025-01-15 23:02:53,575] INFO Created log for partition raw_data_topic-0 in /tmp/kafka-logs/raw_data_topic-0 with properties {} (kafka.log.LogManager)
[2025-01-15 23:02:53,585] INFO [Partition raw_data_topic-0 broker=0] No checkpointed highwatermark is found for partition raw_data_topic-0 (kafka.cluster.Partition)
[2025-01-15 23:02:53,598] INFO [Partition raw_data_topic-0 broker=0] Log loaded for partition raw_data_topic-0 with initial high watermark 0 (kafka.cluster.Partition)
[2025-01-15 23:48:56,183] INFO Terminating process due to signal SIGINT (org.apache.kafka.common.utils.LoggingSignalHandler)
[2025-01-15 23:48:56,257] INFO [KafkaServer id=0] shutting down (kafka.server.KafkaServer)
[2025-01-15 23:48:56,318] INFO [KafkaServer id=0] Starting controlled shutdown (kafka.server.KafkaServer)
[2025-01-15 23:48:56,523] INFO [KafkaServer id=0] Controlled shutdown request returned successfully after 117ms (kafka.server.KafkaServer)
[2025-01-15 23:48:56,569] INFO [/config/changes-event-process-thread]: Shutting down (kafka.common.ZkNodeChangeNotificationListener$ChangeEventProcessThread)
[2025-01-15 23:48:56,574] INFO [/config/changes-event-process-thread]: Stopped (kafka.common.ZkNodeChangeNotificationListener$ChangeEventProcessThread)
[2025-01-15 23:48:56,574] INFO [/config/changes-event-process-thread]: Shutdown completed (kafka.common.ZkNodeChangeNotificationListener$ChangeEventProcessThread)
[2025-01-15 23:48:56,581] INFO [SocketServer listenerType=ZK_BROKER, nodeId=0] Stopping socket server request processors (kafka.network.SocketServer)
[2025-01-15 23:48:56,643] INFO [SocketServer listenerType=ZK_BROKER, nodeId=0] Stopped socket server request processors (kafka.network.SocketServer)
[2025-01-15 23:48:56,651] INFO [data-plane Kafka Request Handler on Broker 0], shutting down (kafka.server.KafkaRequestHandlerPool)
[2025-01-15 23:48:56,672] WARN Session 0x1000059b6280000 for server localhost/127.0.0.1:2181, Closing socket connection. Attempting reconnect except it is a SessionExpiredException. (org.apache.zookeeper.ClientCnxn)
EndOfStreamException: Unable to read additional data from server sessionid 0x1000059b6280000, likely server has closed socket
	at org.apache.zookeeper.ClientCnxnSocketNIO.doIO(ClientCnxnSocketNIO.java:77)
	at org.apache.zookeeper.ClientCnxnSocketNIO.doTransport(ClientCnxnSocketNIO.java:350)
	at org.apache.zookeeper.ClientCnxn$SendThread.run(ClientCnxn.java:1289)
[2025-01-15 23:48:56,679] INFO [data-plane Kafka Request Handler on Broker 0], shut down completely (kafka.server.KafkaRequestHandlerPool)
[2025-01-15 23:48:56,737] INFO [ExpirationReaper-0-AlterAcls]: Shutting down (kafka.server.DelayedOperationPurgatory$ExpiredOperationReaper)
[2025-01-15 23:48:56,746] INFO [ExpirationReaper-0-AlterAcls]: Stopped (kafka.server.DelayedOperationPurgatory$ExpiredOperationReaper)
[2025-01-15 23:48:56,746] INFO [ExpirationReaper-0-AlterAcls]: Shutdown completed (kafka.server.DelayedOperationPurgatory$ExpiredOperationReaper)
[2025-01-15 23:48:56,760] INFO [KafkaApi-0] Shutdown complete. (kafka.server.KafkaApis)
[2025-01-15 23:48:56,767] INFO [ExpirationReaper-0-topic]: Shutting down (kafka.server.DelayedOperationPurgatory$ExpiredOperationReaper)
[2025-01-15 23:48:56,777] INFO [ExpirationReaper-0-topic]: Stopped (kafka.server.DelayedOperationPurgatory$ExpiredOperationReaper)
[2025-01-15 23:48:56,777] INFO [ExpirationReaper-0-topic]: Shutdown completed (kafka.server.DelayedOperationPurgatory$ExpiredOperationReaper)
[2025-01-15 23:48:56,808] INFO [TransactionCoordinator id=0] Shutting down. (kafka.coordinator.transaction.TransactionCoordinator)
[2025-01-15 23:48:56,826] INFO [Transaction State Manager 0]: Shutdown complete (kafka.coordinator.transaction.TransactionStateManager)
[2025-01-15 23:48:56,829] INFO [TxnMarkerSenderThread-0]: Shutting down (kafka.coordinator.transaction.TransactionMarkerChannelManager)
[2025-01-15 23:48:56,835] INFO [TxnMarkerSenderThread-0]: Stopped (kafka.coordinator.transaction.TransactionMarkerChannelManager)
[2025-01-15 23:48:56,835] INFO [TxnMarkerSenderThread-0]: Shutdown completed (kafka.coordinator.transaction.TransactionMarkerChannelManager)
[2025-01-15 23:48:56,863] INFO [TransactionCoordinator id=0] Shutdown complete. (kafka.coordinator.transaction.TransactionCoordinator)
[2025-01-15 23:48:56,868] INFO [GroupCoordinator 0]: Shutting down. (kafka.coordinator.group.GroupCoordinator)
[2025-01-15 23:48:56,876] INFO [ExpirationReaper-0-Heartbeat]: Shutting down (kafka.server.DelayedOperationPurgatory$ExpiredOperationReaper)
[2025-01-15 23:48:56,881] INFO [ExpirationReaper-0-Heartbeat]: Stopped (kafka.server.DelayedOperationPurgatory$ExpiredOperationReaper)
[2025-01-15 23:48:56,881] INFO [ExpirationReaper-0-Heartbeat]: Shutdown completed (kafka.server.DelayedOperationPurgatory$ExpiredOperationReaper)
[2025-01-15 23:48:56,886] INFO [ExpirationReaper-0-Rebalance]: Shutting down (kafka.server.DelayedOperationPurgatory$ExpiredOperationReaper)
[2025-01-15 23:48:56,892] INFO [ExpirationReaper-0-Rebalance]: Stopped (kafka.server.DelayedOperationPurgatory$ExpiredOperationReaper)
[2025-01-15 23:48:56,892] INFO [ExpirationReaper-0-Rebalance]: Shutdown completed (kafka.server.DelayedOperationPurgatory$ExpiredOperationReaper)
[2025-01-15 23:48:56,907] INFO [GroupCoordinator 0]: Shutdown complete. (kafka.coordinator.group.GroupCoordinator)
[2025-01-15 23:48:56,925] INFO [ReplicaManager broker=0] Shutting down (kafka.server.ReplicaManager)
[2025-01-15 23:48:56,937] INFO [LogDirFailureHandler]: Shutting down (kafka.server.ReplicaManager$LogDirFailureHandler)
[2025-01-15 23:48:56,950] INFO [LogDirFailureHandler]: Stopped (kafka.server.ReplicaManager$LogDirFailureHandler)
[2025-01-15 23:48:56,950] INFO [LogDirFailureHandler]: Shutdown completed (kafka.server.ReplicaManager$LogDirFailureHandler)
[2025-01-15 23:48:56,969] INFO [ReplicaFetcherManager on broker 0] shutting down (kafka.server.ReplicaFetcherManager)
[2025-01-15 23:48:56,986] INFO [ReplicaFetcherManager on broker 0] shutdown completed (kafka.server.ReplicaFetcherManager)
[2025-01-15 23:48:56,993] INFO [ReplicaAlterLogDirsManager on broker 0] shutting down (kafka.server.ReplicaAlterLogDirsManager)
[2025-01-15 23:48:56,998] INFO [ReplicaAlterLogDirsManager on broker 0] shutdown completed (kafka.server.ReplicaAlterLogDirsManager)
[2025-01-15 23:48:57,001] INFO [ExpirationReaper-0-Fetch]: Shutting down (kafka.server.DelayedOperationPurgatory$ExpiredOperationReaper)
[2025-01-15 23:48:57,004] INFO [ExpirationReaper-0-Fetch]: Stopped (kafka.server.DelayedOperationPurgatory$ExpiredOperationReaper)
[2025-01-15 23:48:57,004] INFO [ExpirationReaper-0-Fetch]: Shutdown completed (kafka.server.DelayedOperationPurgatory$ExpiredOperationReaper)
[2025-01-15 23:48:57,014] INFO [ExpirationReaper-0-RemoteFetch]: Shutting down (kafka.server.DelayedOperationPurgatory$ExpiredOperationReaper)
[2025-01-15 23:48:57,017] INFO [ExpirationReaper-0-RemoteFetch]: Stopped (kafka.server.DelayedOperationPurgatory$ExpiredOperationReaper)
[2025-01-15 23:48:57,017] INFO [ExpirationReaper-0-RemoteFetch]: Shutdown completed (kafka.server.DelayedOperationPurgatory$ExpiredOperationReaper)
[2025-01-15 23:48:57,021] INFO [ExpirationReaper-0-Produce]: Shutting down (kafka.server.DelayedOperationPurgatory$ExpiredOperationReaper)
[2025-01-15 23:48:57,032] INFO [ExpirationReaper-0-Produce]: Stopped (kafka.server.DelayedOperationPurgatory$ExpiredOperationReaper)
[2025-01-15 23:48:57,032] INFO [ExpirationReaper-0-Produce]: Shutdown completed (kafka.server.DelayedOperationPurgatory$ExpiredOperationReaper)
[2025-01-15 23:48:57,047] INFO [ExpirationReaper-0-DeleteRecords]: Shutting down (kafka.server.DelayedOperationPurgatory$ExpiredOperationReaper)
[2025-01-15 23:48:57,053] INFO [ExpirationReaper-0-DeleteRecords]: Stopped (kafka.server.DelayedOperationPurgatory$ExpiredOperationReaper)
[2025-01-15 23:48:57,053] INFO [ExpirationReaper-0-DeleteRecords]: Shutdown completed (kafka.server.DelayedOperationPurgatory$ExpiredOperationReaper)
[2025-01-15 23:48:57,067] INFO [ExpirationReaper-0-ElectLeader]: Shutting down (kafka.server.DelayedOperationPurgatory$ExpiredOperationReaper)
[2025-01-15 23:48:57,071] INFO [ExpirationReaper-0-ElectLeader]: Stopped (kafka.server.DelayedOperationPurgatory$ExpiredOperationReaper)
[2025-01-15 23:48:57,071] INFO [ExpirationReaper-0-ElectLeader]: Shutdown completed (kafka.server.DelayedOperationPurgatory$ExpiredOperationReaper)
[2025-01-15 23:48:57,128] INFO [AddPartitionsToTxnSenderThread-0]: Shutting down (kafka.server.AddPartitionsToTxnManager)
[2025-01-15 23:48:57,135] INFO [AddPartitionsToTxnSenderThread-0]: Shutdown completed (kafka.server.AddPartitionsToTxnManager)
[2025-01-15 23:48:57,135] INFO [AddPartitionsToTxnSenderThread-0]: Stopped (kafka.server.AddPartitionsToTxnManager)
[2025-01-15 23:48:57,144] INFO [ReplicaManager broker=0] Shut down completely (kafka.server.ReplicaManager)
[2025-01-15 23:48:57,148] INFO [zk-broker-0-to-controller-alter-partition-channel-manager]: Shutting down (kafka.server.NodeToControllerRequestThread)
[2025-01-15 23:48:57,151] INFO [zk-broker-0-to-controller-alter-partition-channel-manager]: Stopped (kafka.server.NodeToControllerRequestThread)
[2025-01-15 23:48:57,151] INFO [zk-broker-0-to-controller-alter-partition-channel-manager]: Shutdown completed (kafka.server.NodeToControllerRequestThread)
[2025-01-15 23:48:57,186] INFO Node to controller channel manager for alter-partition shutdown (kafka.server.NodeToControllerChannelManagerImpl)
[2025-01-15 23:48:57,195] INFO [zk-broker-0-to-controller-forwarding-channel-manager]: Shutting down (kafka.server.NodeToControllerRequestThread)
[2025-01-15 23:48:57,199] INFO [zk-broker-0-to-controller-forwarding-channel-manager]: Stopped (kafka.server.NodeToControllerRequestThread)
[2025-01-15 23:48:57,199] INFO [zk-broker-0-to-controller-forwarding-channel-manager]: Shutdown completed (kafka.server.NodeToControllerRequestThread)
[2025-01-15 23:48:57,203] INFO Node to controller channel manager for forwarding shutdown (kafka.server.NodeToControllerChannelManagerImpl)
[2025-01-15 23:48:57,213] INFO Shutting down. (kafka.log.LogManager)
[2025-01-15 23:48:57,278] INFO [kafka-log-cleaner-thread-0]: Shutting down (kafka.log.LogCleaner$CleanerThread)
[2025-01-15 23:48:57,279] INFO [kafka-log-cleaner-thread-0]: Shutdown completed (kafka.log.LogCleaner$CleanerThread)
[2025-01-15 23:48:57,279] INFO [kafka-log-cleaner-thread-0]: Stopped (kafka.log.LogCleaner$CleanerThread)
[2025-01-15 23:48:57,630] INFO Shutdown complete. (kafka.log.LogManager)
[2025-01-15 23:48:57,693] INFO [feature-zk-node-event-process-thread]: Shutting down (kafka.server.FinalizedFeatureChangeListener$ChangeNotificationProcessorThread)
[2025-01-15 23:48:57,696] INFO [feature-zk-node-event-process-thread]: Shutdown completed (kafka.server.FinalizedFeatureChangeListener$ChangeNotificationProcessorThread)
[2025-01-15 23:48:57,695] INFO [feature-zk-node-event-process-thread]: Stopped (kafka.server.FinalizedFeatureChangeListener$ChangeNotificationProcessorThread)
[2025-01-15 23:48:57,700] INFO [ZooKeeperClient Kafka server] Closing. (kafka.zookeeper.ZooKeeperClient)
[2025-01-15 23:48:58,093] INFO Opening socket connection to server localhost/127.0.0.1:2181. (org.apache.zookeeper.ClientCnxn)
[2025-01-15 23:48:58,208] INFO Session: 0x1000059b6280000 closed (org.apache.zookeeper.ZooKeeper)
[2025-01-15 23:48:58,209] INFO EventThread shut down for session: 0x1000059b6280000 (org.apache.zookeeper.ClientCnxn)
[2025-01-15 23:48:58,213] INFO [ZooKeeperClient Kafka server] Closed. (kafka.zookeeper.ZooKeeperClient)
[2025-01-15 23:48:58,217] INFO [ThrottledChannelReaper-Fetch]: Shutting down (kafka.server.ClientQuotaManager$ThrottledChannelReaper)
[2025-01-15 23:48:58,230] INFO [ThrottledChannelReaper-Fetch]: Stopped (kafka.server.ClientQuotaManager$ThrottledChannelReaper)
[2025-01-15 23:48:58,230] INFO [ThrottledChannelReaper-Fetch]: Shutdown completed (kafka.server.ClientQuotaManager$ThrottledChannelReaper)
[2025-01-15 23:48:58,233] INFO [ThrottledChannelReaper-Produce]: Shutting down (kafka.server.ClientQuotaManager$ThrottledChannelReaper)
[2025-01-15 23:48:58,235] INFO [ThrottledChannelReaper-Produce]: Stopped (kafka.server.ClientQuotaManager$ThrottledChannelReaper)
[2025-01-15 23:48:58,235] INFO [ThrottledChannelReaper-Produce]: Shutdown completed (kafka.server.ClientQuotaManager$ThrottledChannelReaper)
[2025-01-15 23:48:58,238] INFO [ThrottledChannelReaper-Request]: Shutting down (kafka.server.ClientQuotaManager$ThrottledChannelReaper)
[2025-01-15 23:48:58,242] INFO [ThrottledChannelReaper-Request]: Stopped (kafka.server.ClientQuotaManager$ThrottledChannelReaper)
[2025-01-15 23:48:58,242] INFO [ThrottledChannelReaper-Request]: Shutdown completed (kafka.server.ClientQuotaManager$ThrottledChannelReaper)
[2025-01-15 23:48:58,249] INFO [ThrottledChannelReaper-ControllerMutation]: Shutting down (kafka.server.ClientQuotaManager$ThrottledChannelReaper)
[2025-01-15 23:48:58,251] INFO [ThrottledChannelReaper-ControllerMutation]: Stopped (kafka.server.ClientQuotaManager$ThrottledChannelReaper)
[2025-01-15 23:48:58,251] INFO [ThrottledChannelReaper-ControllerMutation]: Shutdown completed (kafka.server.ClientQuotaManager$ThrottledChannelReaper)
[2025-01-15 23:48:58,262] INFO [SocketServer listenerType=ZK_BROKER, nodeId=0] Shutting down socket server (kafka.network.SocketServer)
[2025-01-15 23:48:58,390] INFO [SocketServer listenerType=ZK_BROKER, nodeId=0] Shutdown completed (kafka.network.SocketServer)
[2025-01-15 23:48:58,393] INFO Metrics scheduler closed (org.apache.kafka.common.metrics.Metrics)
[2025-01-15 23:48:58,394] INFO Closing reporter org.apache.kafka.common.metrics.JmxReporter (org.apache.kafka.common.metrics.Metrics)
[2025-01-15 23:48:58,395] INFO Metrics reporters closed (org.apache.kafka.common.metrics.Metrics)
[2025-01-15 23:48:58,400] INFO Broker and topic stats closed (kafka.server.BrokerTopicStats)
[2025-01-15 23:48:58,404] INFO App info kafka.server for 0 unregistered (org.apache.kafka.common.utils.AppInfoParser)
[2025-01-15 23:48:58,407] INFO [KafkaServer id=0] shut down completed (kafka.server.KafkaServer)
